Using pre-set license
Built from '2020.3/staging' branch; Version is '2020.3.6f1 (338bb68529b2) revision 3378102'; Using compiler version '192528614'; Build Type 'Release'
OS: 'Windows 10 Home; OS build 19041.928; Version 2004; 64bit' Language: 'de' Physical Memory: 16337 MB
BatchMode: 1, IsHumanControllingUs: 0, StartBugReporterOnCrash: 0, Is64bit: 1, IsPro: 0

 COMMAND LINE ARGUMENTS:
C:\Program Files\Unity\Hub\Editor\2020.3.6f1\Editor\Unity.exe
-adb2
-batchMode
-noUpm
-name
AssetImportWorker0
-projectPath
C:/projects/Gefuehlte_Realitaet/GefuehlteRealitaet
-logFile
Logs/AssetImportWorker0.log
-srvPort
49844
Successfully changed project path to: C:/projects/Gefuehlte_Realitaet/GefuehlteRealitaet
C:/projects/Gefuehlte_Realitaet/GefuehlteRealitaet
Using Asset Import Pipeline V2.
Refreshing native plugins compatible for Editor in 86.53 ms, found 8 plugins.
Preloading 0 native plugins for Editor in 0.00 ms.
Initialize engine version: 2020.3.6f1 (338bb68529b2)
[Subsystems] Discovering subsystems at path C:/Program Files/Unity/Hub/Editor/2020.3.6f1/Editor/Data/Resources/UnitySubsystems
[Subsystems] Discovering subsystems at path C:/projects/Gefuehlte_Realitaet/GefuehlteRealitaet/Assets
GfxDevice: creating device client; threaded=0
Direct3D:
    Version:  Direct3D 11.0 [level 11.1]
    Renderer: NVIDIA GeForce GTX 1060 (ID=0x1c60)
    Vendor:   
    VRAM:     6052 MB
    Driver:   26.21.14.3086
Shader 'Universal Render Pipeline/Particles/Lit': fallback shader 'Universal Render Pipeline/Particles/SimpleLit' not found
Initialize mono
Mono path[0] = 'C:/Program Files/Unity/Hub/Editor/2020.3.6f1/Editor/Data/Managed'
Mono path[1] = 'C:/Program Files/Unity/Hub/Editor/2020.3.6f1/Editor/Data/MonoBleedingEdge/lib/mono/unityjit'
Mono config path = 'C:/Program Files/Unity/Hub/Editor/2020.3.6f1/Editor/Data/MonoBleedingEdge/etc'
Using monoOptions --debugger-agent=transport=dt_socket,embedding=1,server=y,suspend=n,address=127.0.0.1:56676
Begin MonoManager ReloadAssembly
Registering precompiled unity dll's ...
Register platform support module: C:/Program Files/Unity/Hub/Editor/2020.3.6f1/Editor/Data/PlaybackEngines/WindowsStandaloneSupport/UnityEditor.WindowsStandalone.Extensions.dll
Registered in 0.002147 seconds.
Native extension for WindowsStandalone target not found
Refreshing native plugins compatible for Editor in 111.94 ms, found 8 plugins.
Preloading 0 native plugins for Editor in 0.00 ms.
Mono: successfully reloaded assembly
- Completed reload, in  1.642 seconds
Platform modules already initialized, skipping
Registering precompiled user dll's ...
Registered in 0.015626 seconds.
Begin MonoManager ReloadAssembly
Native extension for WindowsStandalone target not found
Refreshing native plugins compatible for Editor in 245.97 ms, found 8 plugins.
Preloading 0 native plugins for Editor in 0.00 ms.
[XR] [XR Mesh Provider]: RegisterLifecycleProvider.
[XR] [XR Input Provider]: RegisterLifecycleProvider.
[XR] Error loading subsystem: Display (1) (header mismatch?)
Mono: successfully reloaded assembly
- Completed reload, in  4.293 seconds
Platform modules already initialized, skipping
========================================================================
Worker process is ready to serve import requests
Shader 'Universal Render Pipeline/Particles/Lit': fallback shader 'Universal Render Pipeline/Particles/SimpleLit' not found
Launched and connected shader compiler UnityShaderCompiler.exe after 0.05 seconds
Refreshing native plugins compatible for Editor in 1.39 ms, found 8 plugins.
Preloading 0 native plugins for Editor in 0.00 ms.
Unloading 4662 Unused Serialized files (Serialized files now loaded: 0)
System memory in use before: 195.7 MB.
System memory in use after: 195.8 MB.

Unloading 42 unused Assets to reduce memory usage. Loaded Objects now: 5124.
Total: 3.988500 ms (FindLiveObjects: 0.410900 ms CreateObjectMapping: 0.267700 ms MarkObjects: 3.207200 ms  DeleteObjects: 0.101400 ms)

========================================================================
Received Import Request.
  path: Assets/Scripts/HMDInfoManager.cs
  artifactKey: Guid(6adcaf961655e0a4288c8db26d33a9c9) Importer(815301076,1909f56bfc062723c751e8b465ee728b)
Start importing Assets/Scripts/HMDInfoManager.cs using Guid(6adcaf961655e0a4288c8db26d33a9c9) Importer(815301076,1909f56bfc062723c751e8b465ee728b)  -> (artifact id: '7bbaa77b17d0ec41fa6db6ac3eefb174') in 0.069185 seconds
  Import took 0.078221 seconds .

========================================================================
Received Prepare
Registering precompiled user dll's ...
Registered in 0.009026 seconds.
Begin MonoManager ReloadAssembly
Native extension for WindowsStandalone target not found
Refreshing native plugins compatible for Editor in 1.22 ms, found 8 plugins.
Preloading 0 native plugins for Editor in 0.00 ms.
Error when attempting to update scene info fields. Scene info data may be stale.
UnityEngine.StackTraceUtility:ExtractStackTrace ()
UnityEngine.DebugLogHandler:LogFormat (UnityEngine.LogType,UnityEngine.Object,string,object[])
UnityEngine.Logger:Log (UnityEngine.LogType,object)
UnityEngine.Debug:LogWarning (object)
Microsoft.MixedReality.Toolkit.Editor.SceneInfoUtils:RefreshSceneInfoFieldsInScriptableObjects () (at Library/PackageCache/com.microsoft.mixedreality.toolkit.foundation@e9151baa9913-1619883251326/Core/Inspectors/PropertyDrawers/SceneInfoUtils.cs:313)
Microsoft.MixedReality.Toolkit.Editor.SceneInfoUtils:InitializeOnLoad () (at Library/PackageCache/com.microsoft.mixedreality.toolkit.foundation@e9151baa9913-1619883251326/Core/Inspectors/PropertyDrawers/SceneInfoUtils.cs:231)

(Filename: Library/PackageCache/com.microsoft.mixedreality.toolkit.foundation@e9151baa9913-1619883251326/Core/Inspectors/PropertyDrawers/SceneInfoUtils.cs Line: 313)

Mono: successfully reloaded assembly
- Completed reload, in  2.048 seconds
Platform modules already initialized, skipping
Shader 'Universal Render Pipeline/Particles/Lit': fallback shader 'Universal Render Pipeline/Particles/SimpleLit' not found
Refreshing native plugins compatible for Editor in 1.02 ms, found 8 plugins.
Preloading 0 native plugins for Editor in 0.00 ms.
Unloading 4564 Unused Serialized files (Serialized files now loaded: 0)
System memory in use before: 195.6 MB.
System memory in use after: 195.8 MB.

Unloading 36 unused Assets to reduce memory usage. Loaded Objects now: 5129.
Total: 3.541000 ms (FindLiveObjects: 0.378000 ms CreateObjectMapping: 0.244500 ms MarkObjects: 2.855000 ms  DeleteObjects: 0.062300 ms)

========================================================================
Received Prepare
Registering precompiled user dll's ...
Registered in 0.009149 seconds.
Begin MonoManager ReloadAssembly
Native extension for WindowsStandalone target not found
Refreshing native plugins compatible for Editor in 0.97 ms, found 8 plugins.
Preloading 0 native plugins for Editor in 0.00 ms.
Error when attempting to update scene info fields. Scene info data may be stale.
UnityEngine.StackTraceUtility:ExtractStackTrace ()
UnityEngine.DebugLogHandler:LogFormat (UnityEngine.LogType,UnityEngine.Object,string,object[])
UnityEngine.Logger:Log (UnityEngine.LogType,object)
UnityEngine.Debug:LogWarning (object)
Microsoft.MixedReality.Toolkit.Editor.SceneInfoUtils:RefreshSceneInfoFieldsInScriptableObjects () (at Library/PackageCache/com.microsoft.mixedreality.toolkit.foundation@e9151baa9913-1619883251326/Core/Inspectors/PropertyDrawers/SceneInfoUtils.cs:313)
Microsoft.MixedReality.Toolkit.Editor.SceneInfoUtils:InitializeOnLoad () (at Library/PackageCache/com.microsoft.mixedreality.toolkit.foundation@e9151baa9913-1619883251326/Core/Inspectors/PropertyDrawers/SceneInfoUtils.cs:231)

(Filename: Library/PackageCache/com.microsoft.mixedreality.toolkit.foundation@e9151baa9913-1619883251326/Core/Inspectors/PropertyDrawers/SceneInfoUtils.cs Line: 313)

Mono: successfully reloaded assembly
- Completed reload, in  2.064 seconds
Platform modules already initialized, skipping
Shader 'Universal Render Pipeline/Particles/Lit': fallback shader 'Universal Render Pipeline/Particles/SimpleLit' not found
Refreshing native plugins compatible for Editor in 0.95 ms, found 8 plugins.
Preloading 0 native plugins for Editor in 0.00 ms.
Unloading 4564 Unused Serialized files (Serialized files now loaded: 0)
System memory in use before: 195.7 MB.
System memory in use after: 195.9 MB.

Unloading 36 unused Assets to reduce memory usage. Loaded Objects now: 5134.
Total: 3.491300 ms (FindLiveObjects: 0.665200 ms CreateObjectMapping: 0.320200 ms MarkObjects: 2.433600 ms  DeleteObjects: 0.070500 ms)

========================================================================
Received Prepare
Registering precompiled user dll's ...
Registered in 0.008776 seconds.
Begin MonoManager ReloadAssembly
Native extension for WindowsStandalone target not found
Refreshing native plugins compatible for Editor in 1.08 ms, found 8 plugins.
Preloading 0 native plugins for Editor in 0.00 ms.
Error when attempting to update scene info fields. Scene info data may be stale.
UnityEngine.StackTraceUtility:ExtractStackTrace ()
UnityEngine.DebugLogHandler:LogFormat (UnityEngine.LogType,UnityEngine.Object,string,object[])
UnityEngine.Logger:Log (UnityEngine.LogType,object)
UnityEngine.Debug:LogWarning (object)
Microsoft.MixedReality.Toolkit.Editor.SceneInfoUtils:RefreshSceneInfoFieldsInScriptableObjects () (at Library/PackageCache/com.microsoft.mixedreality.toolkit.foundation@e9151baa9913-1619883251326/Core/Inspectors/PropertyDrawers/SceneInfoUtils.cs:313)
Microsoft.MixedReality.Toolkit.Editor.SceneInfoUtils:InitializeOnLoad () (at Library/PackageCache/com.microsoft.mixedreality.toolkit.foundation@e9151baa9913-1619883251326/Core/Inspectors/PropertyDrawers/SceneInfoUtils.cs:231)

(Filename: Library/PackageCache/com.microsoft.mixedreality.toolkit.foundation@e9151baa9913-1619883251326/Core/Inspectors/PropertyDrawers/SceneInfoUtils.cs Line: 313)

Mono: successfully reloaded assembly
- Completed reload, in  2.105 seconds
Platform modules already initialized, skipping
Shader 'Universal Render Pipeline/Particles/Lit': fallback shader 'Universal Render Pipeline/Particles/SimpleLit' not found
Refreshing native plugins compatible for Editor in 0.93 ms, found 8 plugins.
Preloading 0 native plugins for Editor in 0.00 ms.
Unloading 4564 Unused Serialized files (Serialized files now loaded: 0)
System memory in use before: 195.7 MB.
System memory in use after: 196.0 MB.

Unloading 36 unused Assets to reduce memory usage. Loaded Objects now: 5139.
Total: 3.184600 ms (FindLiveObjects: 0.445800 ms CreateObjectMapping: 0.283900 ms MarkObjects: 2.388300 ms  DeleteObjects: 0.065400 ms)

========================================================================
Received Prepare
Registering precompiled user dll's ...
Registered in 0.009156 seconds.
Begin MonoManager ReloadAssembly
Native extension for WindowsStandalone target not found
Refreshing native plugins compatible for Editor in 1.59 ms, found 8 plugins.
Preloading 0 native plugins for Editor in 0.00 ms.
Error when attempting to update scene info fields. Scene info data may be stale.
UnityEngine.StackTraceUtility:ExtractStackTrace ()
UnityEngine.DebugLogHandler:LogFormat (UnityEngine.LogType,UnityEngine.Object,string,object[])
UnityEngine.Logger:Log (UnityEngine.LogType,object)
UnityEngine.Debug:LogWarning (object)
Microsoft.MixedReality.Toolkit.Editor.SceneInfoUtils:RefreshSceneInfoFieldsInScriptableObjects () (at Library/PackageCache/com.microsoft.mixedreality.toolkit.foundation@e9151baa9913-1619883251326/Core/Inspectors/PropertyDrawers/SceneInfoUtils.cs:313)
Microsoft.MixedReality.Toolkit.Editor.SceneInfoUtils:InitializeOnLoad () (at Library/PackageCache/com.microsoft.mixedreality.toolkit.foundation@e9151baa9913-1619883251326/Core/Inspectors/PropertyDrawers/SceneInfoUtils.cs:231)

(Filename: Library/PackageCache/com.microsoft.mixedreality.toolkit.foundation@e9151baa9913-1619883251326/Core/Inspectors/PropertyDrawers/SceneInfoUtils.cs Line: 313)

Mono: successfully reloaded assembly
- Completed reload, in  2.052 seconds
Platform modules already initialized, skipping
Shader 'Universal Render Pipeline/Particles/Lit': fallback shader 'Universal Render Pipeline/Particles/SimpleLit' not found
Refreshing native plugins compatible for Editor in 1.53 ms, found 8 plugins.
Preloading 0 native plugins for Editor in 0.00 ms.
Unloading 4564 Unused Serialized files (Serialized files now loaded: 0)
System memory in use before: 195.8 MB.
System memory in use after: 196.0 MB.

Unloading 36 unused Assets to reduce memory usage. Loaded Objects now: 5144.
Total: 3.289600 ms (FindLiveObjects: 0.551600 ms CreateObjectMapping: 0.270300 ms MarkObjects: 2.404200 ms  DeleteObjects: 0.062300 ms)

========================================================================
Received Prepare
Registering precompiled user dll's ...
Registered in 0.009276 seconds.
Begin MonoManager ReloadAssembly
Native extension for WindowsStandalone target not found
Refreshing native plugins compatible for Editor in 0.99 ms, found 8 plugins.
Preloading 0 native plugins for Editor in 0.00 ms.
Error when attempting to update scene info fields. Scene info data may be stale.
UnityEngine.StackTraceUtility:ExtractStackTrace ()
UnityEngine.DebugLogHandler:LogFormat (UnityEngine.LogType,UnityEngine.Object,string,object[])
UnityEngine.Logger:Log (UnityEngine.LogType,object)
UnityEngine.Debug:LogWarning (object)
Microsoft.MixedReality.Toolkit.Editor.SceneInfoUtils:RefreshSceneInfoFieldsInScriptableObjects () (at Library/PackageCache/com.microsoft.mixedreality.toolkit.foundation@e9151baa9913-1619883251326/Core/Inspectors/PropertyDrawers/SceneInfoUtils.cs:313)
Microsoft.MixedReality.Toolkit.Editor.SceneInfoUtils:InitializeOnLoad () (at Library/PackageCache/com.microsoft.mixedreality.toolkit.foundation@e9151baa9913-1619883251326/Core/Inspectors/PropertyDrawers/SceneInfoUtils.cs:231)

(Filename: Library/PackageCache/com.microsoft.mixedreality.toolkit.foundation@e9151baa9913-1619883251326/Core/Inspectors/PropertyDrawers/SceneInfoUtils.cs Line: 313)

Mono: successfully reloaded assembly
- Completed reload, in  1.907 seconds
Platform modules already initialized, skipping
Shader 'Universal Render Pipeline/Particles/Lit': fallback shader 'Universal Render Pipeline/Particles/SimpleLit' not found
Refreshing native plugins compatible for Editor in 0.98 ms, found 8 plugins.
Preloading 0 native plugins for Editor in 0.00 ms.
Unloading 4564 Unused Serialized files (Serialized files now loaded: 0)
System memory in use before: 195.8 MB.
System memory in use after: 196.0 MB.

Unloading 36 unused Assets to reduce memory usage. Loaded Objects now: 5149.
Total: 3.462000 ms (FindLiveObjects: 0.573700 ms CreateObjectMapping: 0.427900 ms MarkObjects: 2.395000 ms  DeleteObjects: 0.064400 ms)

========================================================================
Received Prepare
Registering precompiled user dll's ...
Registered in 0.009032 seconds.
Begin MonoManager ReloadAssembly
Native extension for WindowsStandalone target not found
Refreshing native plugins compatible for Editor in 0.92 ms, found 8 plugins.
Preloading 0 native plugins for Editor in 0.00 ms.
Error when attempting to update scene info fields. Scene info data may be stale.
UnityEngine.StackTraceUtility:ExtractStackTrace ()
UnityEngine.DebugLogHandler:LogFormat (UnityEngine.LogType,UnityEngine.Object,string,object[])
UnityEngine.Logger:Log (UnityEngine.LogType,object)
UnityEngine.Debug:LogWarning (object)
Microsoft.MixedReality.Toolkit.Editor.SceneInfoUtils:RefreshSceneInfoFieldsInScriptableObjects () (at Library/PackageCache/com.microsoft.mixedreality.toolkit.foundation@e9151baa9913-1619883251326/Core/Inspectors/PropertyDrawers/SceneInfoUtils.cs:313)
Microsoft.MixedReality.Toolkit.Editor.SceneInfoUtils:InitializeOnLoad () (at Library/PackageCache/com.microsoft.mixedreality.toolkit.foundation@e9151baa9913-1619883251326/Core/Inspectors/PropertyDrawers/SceneInfoUtils.cs:231)

(Filename: Library/PackageCache/com.microsoft.mixedreality.toolkit.foundation@e9151baa9913-1619883251326/Core/Inspectors/PropertyDrawers/SceneInfoUtils.cs Line: 313)

Mono: successfully reloaded assembly
- Completed reload, in  1.782 seconds
Platform modules already initialized, skipping
Shader 'Universal Render Pipeline/Particles/Lit': fallback shader 'Universal Render Pipeline/Particles/SimpleLit' not found
Refreshing native plugins compatible for Editor in 0.92 ms, found 8 plugins.
Preloading 0 native plugins for Editor in 0.00 ms.
Unloading 4564 Unused Serialized files (Serialized files now loaded: 0)
System memory in use before: 195.8 MB.
System memory in use after: 196.0 MB.

Unloading 36 unused Assets to reduce memory usage. Loaded Objects now: 5154.
Total: 2.987000 ms (FindLiveObjects: 0.389800 ms CreateObjectMapping: 0.202600 ms MarkObjects: 2.326500 ms  DeleteObjects: 0.067200 ms)

========================================================================
Received Prepare
Registering precompiled user dll's ...
Registered in 0.008473 seconds.
Begin MonoManager ReloadAssembly
Native extension for WindowsStandalone target not found
Refreshing native plugins compatible for Editor in 1.14 ms, found 8 plugins.
Preloading 0 native plugins for Editor in 0.00 ms.
Error when attempting to update scene info fields. Scene info data may be stale.
UnityEngine.StackTraceUtility:ExtractStackTrace ()
UnityEngine.DebugLogHandler:LogFormat (UnityEngine.LogType,UnityEngine.Object,string,object[])
UnityEngine.Logger:Log (UnityEngine.LogType,object)
UnityEngine.Debug:LogWarning (object)
Microsoft.MixedReality.Toolkit.Editor.SceneInfoUtils:RefreshSceneInfoFieldsInScriptableObjects () (at Library/PackageCache/com.microsoft.mixedreality.toolkit.foundation@e9151baa9913-1619883251326/Core/Inspectors/PropertyDrawers/SceneInfoUtils.cs:313)
Microsoft.MixedReality.Toolkit.Editor.SceneInfoUtils:InitializeOnLoad () (at Library/PackageCache/com.microsoft.mixedreality.toolkit.foundation@e9151baa9913-1619883251326/Core/Inspectors/PropertyDrawers/SceneInfoUtils.cs:231)

(Filename: Library/PackageCache/com.microsoft.mixedreality.toolkit.foundation@e9151baa9913-1619883251326/Core/Inspectors/PropertyDrawers/SceneInfoUtils.cs Line: 313)

Mono: successfully reloaded assembly
- Completed reload, in  2.089 seconds
Platform modules already initialized, skipping
Shader 'Universal Render Pipeline/Particles/Lit': fallback shader 'Universal Render Pipeline/Particles/SimpleLit' not found
Refreshing native plugins compatible for Editor in 1.40 ms, found 8 plugins.
Preloading 0 native plugins for Editor in 0.00 ms.
Unloading 4564 Unused Serialized files (Serialized files now loaded: 0)
System memory in use before: 195.8 MB.
System memory in use after: 196.1 MB.

Unloading 36 unused Assets to reduce memory usage. Loaded Objects now: 5159.
Total: 3.795500 ms (FindLiveObjects: 0.790600 ms CreateObjectMapping: 0.449200 ms MarkObjects: 2.485500 ms  DeleteObjects: 0.068900 ms)

========================================================================
Received Prepare
Registering precompiled user dll's ...
Registered in 0.008832 seconds.
Begin MonoManager ReloadAssembly
Native extension for WindowsStandalone target not found
Refreshing native plugins compatible for Editor in 1.02 ms, found 8 plugins.
Preloading 0 native plugins for Editor in 0.00 ms.
Error when attempting to update scene info fields. Scene info data may be stale.
UnityEngine.StackTraceUtility:ExtractStackTrace ()
UnityEngine.DebugLogHandler:LogFormat (UnityEngine.LogType,UnityEngine.Object,string,object[])
UnityEngine.Logger:Log (UnityEngine.LogType,object)
UnityEngine.Debug:LogWarning (object)
Microsoft.MixedReality.Toolkit.Editor.SceneInfoUtils:RefreshSceneInfoFieldsInScriptableObjects () (at Library/PackageCache/com.microsoft.mixedreality.toolkit.foundation@e9151baa9913-1619883251326/Core/Inspectors/PropertyDrawers/SceneInfoUtils.cs:313)
Microsoft.MixedReality.Toolkit.Editor.SceneInfoUtils:InitializeOnLoad () (at Library/PackageCache/com.microsoft.mixedreality.toolkit.foundation@e9151baa9913-1619883251326/Core/Inspectors/PropertyDrawers/SceneInfoUtils.cs:231)

(Filename: Library/PackageCache/com.microsoft.mixedreality.toolkit.foundation@e9151baa9913-1619883251326/Core/Inspectors/PropertyDrawers/SceneInfoUtils.cs Line: 313)

Mono: successfully reloaded assembly
- Completed reload, in  2.094 seconds
Platform modules already initialized, skipping
Shader 'Universal Render Pipeline/Particles/Lit': fallback shader 'Universal Render Pipeline/Particles/SimpleLit' not found
Refreshing native plugins compatible for Editor in 1.24 ms, found 8 plugins.
Preloading 0 native plugins for Editor in 0.00 ms.
Unloading 4564 Unused Serialized files (Serialized files now loaded: 0)
System memory in use before: 195.8 MB.
System memory in use after: 196.1 MB.

Unloading 36 unused Assets to reduce memory usage. Loaded Objects now: 5164.
Total: 3.443600 ms (FindLiveObjects: 0.410100 ms CreateObjectMapping: 0.234100 ms MarkObjects: 2.732100 ms  DeleteObjects: 0.066100 ms)

========================================================================
Received Prepare
Registering precompiled user dll's ...
Registered in 0.008892 seconds.
Begin MonoManager ReloadAssembly
Native extension for WindowsStandalone target not found
Refreshing native plugins compatible for Editor in 1.07 ms, found 8 plugins.
Preloading 0 native plugins for Editor in 0.00 ms.
Error when attempting to update scene info fields. Scene info data may be stale.
UnityEngine.StackTraceUtility:ExtractStackTrace ()
UnityEngine.DebugLogHandler:LogFormat (UnityEngine.LogType,UnityEngine.Object,string,object[])
UnityEngine.Logger:Log (UnityEngine.LogType,object)
UnityEngine.Debug:LogWarning (object)
Microsoft.MixedReality.Toolkit.Editor.SceneInfoUtils:RefreshSceneInfoFieldsInScriptableObjects () (at Library/PackageCache/com.microsoft.mixedreality.toolkit.foundation@e9151baa9913-1619883251326/Core/Inspectors/PropertyDrawers/SceneInfoUtils.cs:313)
Microsoft.MixedReality.Toolkit.Editor.SceneInfoUtils:InitializeOnLoad () (at Library/PackageCache/com.microsoft.mixedreality.toolkit.foundation@e9151baa9913-1619883251326/Core/Inspectors/PropertyDrawers/SceneInfoUtils.cs:231)

(Filename: Library/PackageCache/com.microsoft.mixedreality.toolkit.foundation@e9151baa9913-1619883251326/Core/Inspectors/PropertyDrawers/SceneInfoUtils.cs Line: 313)

Mono: successfully reloaded assembly
- Completed reload, in  2.117 seconds
Platform modules already initialized, skipping
Shader 'Universal Render Pipeline/Particles/Lit': fallback shader 'Universal Render Pipeline/Particles/SimpleLit' not found
Refreshing native plugins compatible for Editor in 1.04 ms, found 8 plugins.
Preloading 0 native plugins for Editor in 0.00 ms.
Unloading 4564 Unused Serialized files (Serialized files now loaded: 0)
System memory in use before: 195.9 MB.
System memory in use after: 196.1 MB.

Unloading 36 unused Assets to reduce memory usage. Loaded Objects now: 5169.
Total: 3.687600 ms (FindLiveObjects: 0.560000 ms CreateObjectMapping: 0.259100 ms MarkObjects: 2.803500 ms  DeleteObjects: 0.063600 ms)

========================================================================
Received Prepare
Registering precompiled user dll's ...
Registered in 0.009009 seconds.
Begin MonoManager ReloadAssembly
Native extension for WindowsStandalone target not found
Refreshing native plugins compatible for Editor in 0.96 ms, found 8 plugins.
Preloading 0 native plugins for Editor in 0.00 ms.
Error when attempting to update scene info fields. Scene info data may be stale.
UnityEngine.StackTraceUtility:ExtractStackTrace ()
UnityEngine.DebugLogHandler:LogFormat (UnityEngine.LogType,UnityEngine.Object,string,object[])
UnityEngine.Logger:Log (UnityEngine.LogType,object)
UnityEngine.Debug:LogWarning (object)
Microsoft.MixedReality.Toolkit.Editor.SceneInfoUtils:RefreshSceneInfoFieldsInScriptableObjects () (at Library/PackageCache/com.microsoft.mixedreality.toolkit.foundation@e9151baa9913-1619883251326/Core/Inspectors/PropertyDrawers/SceneInfoUtils.cs:313)
Microsoft.MixedReality.Toolkit.Editor.SceneInfoUtils:InitializeOnLoad () (at Library/PackageCache/com.microsoft.mixedreality.toolkit.foundation@e9151baa9913-1619883251326/Core/Inspectors/PropertyDrawers/SceneInfoUtils.cs:231)

(Filename: Library/PackageCache/com.microsoft.mixedreality.toolkit.foundation@e9151baa9913-1619883251326/Core/Inspectors/PropertyDrawers/SceneInfoUtils.cs Line: 313)

Mono: successfully reloaded assembly
- Completed reload, in  1.720 seconds
Platform modules already initialized, skipping
Shader 'Universal Render Pipeline/Particles/Lit': fallback shader 'Universal Render Pipeline/Particles/SimpleLit' not found
Refreshing native plugins compatible for Editor in 1.30 ms, found 8 plugins.
Preloading 0 native plugins for Editor in 0.00 ms.
Unloading 4564 Unused Serialized files (Serialized files now loaded: 0)
System memory in use before: 195.9 MB.
System memory in use after: 196.1 MB.

Unloading 36 unused Assets to reduce memory usage. Loaded Objects now: 5174.
Total: 5.527700 ms (FindLiveObjects: 0.678200 ms CreateObjectMapping: 0.350900 ms MarkObjects: 4.402700 ms  DeleteObjects: 0.094000 ms)

========================================================================
Received Prepare
Registering precompiled user dll's ...
Registered in 0.008620 seconds.
Begin MonoManager ReloadAssembly
Native extension for WindowsStandalone target not found
Refreshing native plugins compatible for Editor in 1.15 ms, found 8 plugins.
Preloading 0 native plugins for Editor in 0.00 ms.
Error when attempting to update scene info fields. Scene info data may be stale.
UnityEngine.StackTraceUtility:ExtractStackTrace ()
UnityEngine.DebugLogHandler:LogFormat (UnityEngine.LogType,UnityEngine.Object,string,object[])
UnityEngine.Logger:Log (UnityEngine.LogType,object)
UnityEngine.Debug:LogWarning (object)
Microsoft.MixedReality.Toolkit.Editor.SceneInfoUtils:RefreshSceneInfoFieldsInScriptableObjects () (at Library/PackageCache/com.microsoft.mixedreality.toolkit.foundation@e9151baa9913-1619883251326/Core/Inspectors/PropertyDrawers/SceneInfoUtils.cs:313)
Microsoft.MixedReality.Toolkit.Editor.SceneInfoUtils:InitializeOnLoad () (at Library/PackageCache/com.microsoft.mixedreality.toolkit.foundation@e9151baa9913-1619883251326/Core/Inspectors/PropertyDrawers/SceneInfoUtils.cs:231)

(Filename: Library/PackageCache/com.microsoft.mixedreality.toolkit.foundation@e9151baa9913-1619883251326/Core/Inspectors/PropertyDrawers/SceneInfoUtils.cs Line: 313)

Mono: successfully reloaded assembly
- Completed reload, in  2.063 seconds
Platform modules already initialized, skipping
Shader 'Universal Render Pipeline/Particles/Lit': fallback shader 'Universal Render Pipeline/Particles/SimpleLit' not found
Refreshing native plugins compatible for Editor in 1.41 ms, found 8 plugins.
Preloading 0 native plugins for Editor in 0.00 ms.
Unloading 4564 Unused Serialized files (Serialized files now loaded: 0)
System memory in use before: 195.9 MB.
System memory in use after: 196.1 MB.

Unloading 36 unused Assets to reduce memory usage. Loaded Objects now: 5179.
Total: 3.625600 ms (FindLiveObjects: 0.539000 ms CreateObjectMapping: 0.357500 ms MarkObjects: 2.636900 ms  DeleteObjects: 0.090500 ms)

========================================================================
Received Prepare
Registering precompiled user dll's ...
Registered in 0.008552 seconds.
Begin MonoManager ReloadAssembly
Native extension for WindowsStandalone target not found
Refreshing native plugins compatible for Editor in 1.01 ms, found 8 plugins.
Preloading 0 native plugins for Editor in 0.00 ms.
Error when attempting to update scene info fields. Scene info data may be stale.
UnityEngine.StackTraceUtility:ExtractStackTrace ()
UnityEngine.DebugLogHandler:LogFormat (UnityEngine.LogType,UnityEngine.Object,string,object[])
UnityEngine.Logger:Log (UnityEngine.LogType,object)
UnityEngine.Debug:LogWarning (object)
Microsoft.MixedReality.Toolkit.Editor.SceneInfoUtils:RefreshSceneInfoFieldsInScriptableObjects () (at Library/PackageCache/com.microsoft.mixedreality.toolkit.foundation@e9151baa9913-1619883251326/Core/Inspectors/PropertyDrawers/SceneInfoUtils.cs:313)
Microsoft.MixedReality.Toolkit.Editor.SceneInfoUtils:InitializeOnLoad () (at Library/PackageCache/com.microsoft.mixedreality.toolkit.foundation@e9151baa9913-1619883251326/Core/Inspectors/PropertyDrawers/SceneInfoUtils.cs:231)

(Filename: Library/PackageCache/com.microsoft.mixedreality.toolkit.foundation@e9151baa9913-1619883251326/Core/Inspectors/PropertyDrawers/SceneInfoUtils.cs Line: 313)

Mono: successfully reloaded assembly
- Completed reload, in  1.905 seconds
Platform modules already initialized, skipping
Shader 'Universal Render Pipeline/Particles/Lit': fallback shader 'Universal Render Pipeline/Particles/SimpleLit' not found
Refreshing native plugins compatible for Editor in 0.90 ms, found 8 plugins.
Preloading 0 native plugins for Editor in 0.00 ms.
Unloading 4564 Unused Serialized files (Serialized files now loaded: 0)
System memory in use before: 195.9 MB.
System memory in use after: 196.1 MB.

Unloading 36 unused Assets to reduce memory usage. Loaded Objects now: 5184.
Total: 3.159800 ms (FindLiveObjects: 0.474700 ms CreateObjectMapping: 0.362900 ms MarkObjects: 2.254600 ms  DeleteObjects: 0.066500 ms)

========================================================================
Received Prepare
Registering precompiled user dll's ...
Registered in 0.009193 seconds.
Begin MonoManager ReloadAssembly
Native extension for WindowsStandalone target not found
Refreshing native plugins compatible for Editor in 0.99 ms, found 8 plugins.
Preloading 0 native plugins for Editor in 0.00 ms.
Error when attempting to update scene info fields. Scene info data may be stale.
UnityEngine.StackTraceUtility:ExtractStackTrace ()
UnityEngine.DebugLogHandler:LogFormat (UnityEngine.LogType,UnityEngine.Object,string,object[])
UnityEngine.Logger:Log (UnityEngine.LogType,object)
UnityEngine.Debug:LogWarning (object)
Microsoft.MixedReality.Toolkit.Editor.SceneInfoUtils:RefreshSceneInfoFieldsInScriptableObjects () (at Library/PackageCache/com.microsoft.mixedreality.toolkit.foundation@e9151baa9913-1619883251326/Core/Inspectors/PropertyDrawers/SceneInfoUtils.cs:313)
Microsoft.MixedReality.Toolkit.Editor.SceneInfoUtils:InitializeOnLoad () (at Library/PackageCache/com.microsoft.mixedreality.toolkit.foundation@e9151baa9913-1619883251326/Core/Inspectors/PropertyDrawers/SceneInfoUtils.cs:231)

(Filename: Library/PackageCache/com.microsoft.mixedreality.toolkit.foundation@e9151baa9913-1619883251326/Core/Inspectors/PropertyDrawers/SceneInfoUtils.cs Line: 313)

Mono: successfully reloaded assembly
- Completed reload, in  2.131 seconds
Platform modules already initialized, skipping
Shader 'Universal Render Pipeline/Particles/Lit': fallback shader 'Universal Render Pipeline/Particles/SimpleLit' not found
Refreshing native plugins compatible for Editor in 0.98 ms, found 8 plugins.
Preloading 0 native plugins for Editor in 0.00 ms.
Unloading 4564 Unused Serialized files (Serialized files now loaded: 0)
System memory in use before: 195.9 MB.
System memory in use after: 196.1 MB.

Unloading 36 unused Assets to reduce memory usage. Loaded Objects now: 5189.
Total: 3.711200 ms (FindLiveObjects: 0.596200 ms CreateObjectMapping: 0.473400 ms MarkObjects: 2.580000 ms  DeleteObjects: 0.060300 ms)

========================================================================
Received Prepare
Registering precompiled user dll's ...
Registered in 0.011775 seconds.
Begin MonoManager ReloadAssembly
Native extension for WindowsStandalone target not found
Refreshing native plugins compatible for Editor in 0.94 ms, found 8 plugins.
Preloading 0 native plugins for Editor in 0.00 ms.
Error when attempting to update scene info fields. Scene info data may be stale.
UnityEngine.StackTraceUtility:ExtractStackTrace ()
UnityEngine.DebugLogHandler:LogFormat (UnityEngine.LogType,UnityEngine.Object,string,object[])
UnityEngine.Logger:Log (UnityEngine.LogType,object)
UnityEngine.Debug:LogWarning (object)
Microsoft.MixedReality.Toolkit.Editor.SceneInfoUtils:RefreshSceneInfoFieldsInScriptableObjects () (at Library/PackageCache/com.microsoft.mixedreality.toolkit.foundation@e9151baa9913-1619883251326/Core/Inspectors/PropertyDrawers/SceneInfoUtils.cs:313)
Microsoft.MixedReality.Toolkit.Editor.SceneInfoUtils:InitializeOnLoad () (at Library/PackageCache/com.microsoft.mixedreality.toolkit.foundation@e9151baa9913-1619883251326/Core/Inspectors/PropertyDrawers/SceneInfoUtils.cs:231)

(Filename: Library/PackageCache/com.microsoft.mixedreality.toolkit.foundation@e9151baa9913-1619883251326/Core/Inspectors/PropertyDrawers/SceneInfoUtils.cs Line: 313)

Mono: successfully reloaded assembly
- Completed reload, in  1.716 seconds
Platform modules already initialized, skipping
Shader 'Universal Render Pipeline/Particles/Lit': fallback shader 'Universal Render Pipeline/Particles/SimpleLit' not found
Refreshing native plugins compatible for Editor in 0.98 ms, found 8 plugins.
Preloading 0 native plugins for Editor in 0.00 ms.
Unloading 4564 Unused Serialized files (Serialized files now loaded: 0)
System memory in use before: 195.9 MB.
System memory in use after: 196.2 MB.

Unloading 36 unused Assets to reduce memory usage. Loaded Objects now: 5194.
Total: 2.863700 ms (FindLiveObjects: 0.365700 ms CreateObjectMapping: 0.229900 ms MarkObjects: 2.208100 ms  DeleteObjects: 0.059100 ms)

========================================================================
Received Prepare
Registering precompiled user dll's ...
Registered in 0.008667 seconds.
Begin MonoManager ReloadAssembly
Native extension for WindowsStandalone target not found
Refreshing native plugins compatible for Editor in 1.08 ms, found 8 plugins.
Preloading 0 native plugins for Editor in 0.00 ms.
Error when attempting to update scene info fields. Scene info data may be stale.
UnityEngine.StackTraceUtility:ExtractStackTrace ()
UnityEngine.DebugLogHandler:LogFormat (UnityEngine.LogType,UnityEngine.Object,string,object[])
UnityEngine.Logger:Log (UnityEngine.LogType,object)
UnityEngine.Debug:LogWarning (object)
Microsoft.MixedReality.Toolkit.Editor.SceneInfoUtils:RefreshSceneInfoFieldsInScriptableObjects () (at Library/PackageCache/com.microsoft.mixedreality.toolkit.foundation@e9151baa9913-1619883251326/Core/Inspectors/PropertyDrawers/SceneInfoUtils.cs:313)
Microsoft.MixedReality.Toolkit.Editor.SceneInfoUtils:InitializeOnLoad () (at Library/PackageCache/com.microsoft.mixedreality.toolkit.foundation@e9151baa9913-1619883251326/Core/Inspectors/PropertyDrawers/SceneInfoUtils.cs:231)

(Filename: Library/PackageCache/com.microsoft.mixedreality.toolkit.foundation@e9151baa9913-1619883251326/Core/Inspectors/PropertyDrawers/SceneInfoUtils.cs Line: 313)

Mono: successfully reloaded assembly
- Completed reload, in  2.061 seconds
Platform modules already initialized, skipping
Shader 'Universal Render Pipeline/Particles/Lit': fallback shader 'Universal Render Pipeline/Particles/SimpleLit' not found
Refreshing native plugins compatible for Editor in 1.02 ms, found 8 plugins.
Preloading 0 native plugins for Editor in 0.00 ms.
Unloading 4564 Unused Serialized files (Serialized files now loaded: 0)
System memory in use before: 195.9 MB.
System memory in use after: 196.2 MB.

Unloading 36 unused Assets to reduce memory usage. Loaded Objects now: 5199.
Total: 3.735400 ms (FindLiveObjects: 0.632700 ms CreateObjectMapping: 0.407800 ms MarkObjects: 2.615300 ms  DeleteObjects: 0.077900 ms)

========================================================================
Received Prepare
Shader 'Universal Render Pipeline/Particles/Lit': fallback shader 'Universal Render Pipeline/Particles/SimpleLit' not found
Refreshing native plugins compatible for Editor in 8.25 ms, found 8 plugins.
Preloading 0 native plugins for Editor in 0.00 ms.
Unloading 25 Unused Serialized files (Serialized files now loaded: 0)
System memory in use before: 89.7 MB.
System memory in use after: 90.0 MB.

Unloading 25 unused Assets to reduce memory usage. Loaded Objects now: 5199.
Total: 3.644000 ms (FindLiveObjects: 0.529400 ms CreateObjectMapping: 0.519800 ms MarkObjects: 2.530400 ms  DeleteObjects: 0.063000 ms)

========================================================================
Received Prepare
Registering precompiled user dll's ...
Registered in 0.012285 seconds.
Begin MonoManager ReloadAssembly
Native extension for WindowsStandalone target not found
Refreshing native plugins compatible for Editor in 2.21 ms, found 8 plugins.
Preloading 0 native plugins for Editor in 0.00 ms.
Error when attempting to update scene info fields. Scene info data may be stale.
UnityEngine.StackTraceUtility:ExtractStackTrace ()
UnityEngine.DebugLogHandler:LogFormat (UnityEngine.LogType,UnityEngine.Object,string,object[])
UnityEngine.Logger:Log (UnityEngine.LogType,object)
UnityEngine.Debug:LogWarning (object)
Microsoft.MixedReality.Toolkit.Editor.SceneInfoUtils:RefreshSceneInfoFieldsInScriptableObjects () (at Library/PackageCache/com.microsoft.mixedreality.toolkit.foundation@e9151baa9913-1619883251326/Core/Inspectors/PropertyDrawers/SceneInfoUtils.cs:313)
Microsoft.MixedReality.Toolkit.Editor.SceneInfoUtils:InitializeOnLoad () (at Library/PackageCache/com.microsoft.mixedreality.toolkit.foundation@e9151baa9913-1619883251326/Core/Inspectors/PropertyDrawers/SceneInfoUtils.cs:231)

(Filename: Library/PackageCache/com.microsoft.mixedreality.toolkit.foundation@e9151baa9913-1619883251326/Core/Inspectors/PropertyDrawers/SceneInfoUtils.cs Line: 313)

Mono: successfully reloaded assembly
- Completed reload, in  2.471 seconds
Platform modules already initialized, skipping
Shader 'Universal Render Pipeline/Particles/Lit': fallback shader 'Universal Render Pipeline/Particles/SimpleLit' not found
Refreshing native plugins compatible for Editor in 1.54 ms, found 8 plugins.
Preloading 0 native plugins for Editor in 0.00 ms.
Unloading 4564 Unused Serialized files (Serialized files now loaded: 0)
System memory in use before: 196.0 MB.
System memory in use after: 196.2 MB.

Unloading 36 unused Assets to reduce memory usage. Loaded Objects now: 5204.
Total: 5.862800 ms (FindLiveObjects: 0.871700 ms CreateObjectMapping: 0.581000 ms MarkObjects: 4.308400 ms  DeleteObjects: 0.100200 ms)

========================================================================
Received Prepare
Registering precompiled user dll's ...
Registered in 0.009866 seconds.
Begin MonoManager ReloadAssembly
Native extension for WindowsStandalone target not found
Refreshing native plugins compatible for Editor in 1.06 ms, found 8 plugins.
Preloading 0 native plugins for Editor in 0.00 ms.
Error when attempting to update scene info fields. Scene info data may be stale.
UnityEngine.StackTraceUtility:ExtractStackTrace ()
UnityEngine.DebugLogHandler:LogFormat (UnityEngine.LogType,UnityEngine.Object,string,object[])
UnityEngine.Logger:Log (UnityEngine.LogType,object)
UnityEngine.Debug:LogWarning (object)
Microsoft.MixedReality.Toolkit.Editor.SceneInfoUtils:RefreshSceneInfoFieldsInScriptableObjects () (at Library/PackageCache/com.microsoft.mixedreality.toolkit.foundation@e9151baa9913-1619883251326/Core/Inspectors/PropertyDrawers/SceneInfoUtils.cs:313)
Microsoft.MixedReality.Toolkit.Editor.SceneInfoUtils:InitializeOnLoad () (at Library/PackageCache/com.microsoft.mixedreality.toolkit.foundation@e9151baa9913-1619883251326/Core/Inspectors/PropertyDrawers/SceneInfoUtils.cs:231)

(Filename: Library/PackageCache/com.microsoft.mixedreality.toolkit.foundation@e9151baa9913-1619883251326/Core/Inspectors/PropertyDrawers/SceneInfoUtils.cs Line: 313)

Mono: successfully reloaded assembly
- Completed reload, in  2.390 seconds
Platform modules already initialized, skipping
Shader 'Universal Render Pipeline/Particles/Lit': fallback shader 'Universal Render Pipeline/Particles/SimpleLit' not found
Refreshing native plugins compatible for Editor in 1.51 ms, found 8 plugins.
Preloading 0 native plugins for Editor in 0.00 ms.
Unloading 4564 Unused Serialized files (Serialized files now loaded: 0)
System memory in use before: 196.0 MB.
System memory in use after: 196.2 MB.

Unloading 36 unused Assets to reduce memory usage. Loaded Objects now: 5209.
Total: 4.941300 ms (FindLiveObjects: 0.742700 ms CreateObjectMapping: 0.650700 ms MarkObjects: 3.438700 ms  DeleteObjects: 0.107800 ms)

========================================================================
Received Prepare
Registering precompiled user dll's ...
Registered in 0.009587 seconds.
Begin MonoManager ReloadAssembly
Native extension for WindowsStandalone target not found
Refreshing native plugins compatible for Editor in 1.15 ms, found 8 plugins.
Preloading 0 native plugins for Editor in 0.00 ms.
Error when attempting to update scene info fields. Scene info data may be stale.
UnityEngine.StackTraceUtility:ExtractStackTrace ()
UnityEngine.DebugLogHandler:LogFormat (UnityEngine.LogType,UnityEngine.Object,string,object[])
UnityEngine.Logger:Log (UnityEngine.LogType,object)
UnityEngine.Debug:LogWarning (object)
Microsoft.MixedReality.Toolkit.Editor.SceneInfoUtils:RefreshSceneInfoFieldsInScriptableObjects () (at Library/PackageCache/com.microsoft.mixedreality.toolkit.foundation@e9151baa9913-1619883251326/Core/Inspectors/PropertyDrawers/SceneInfoUtils.cs:313)
Microsoft.MixedReality.Toolkit.Editor.SceneInfoUtils:InitializeOnLoad () (at Library/PackageCache/com.microsoft.mixedreality.toolkit.foundation@e9151baa9913-1619883251326/Core/Inspectors/PropertyDrawers/SceneInfoUtils.cs:231)

(Filename: Library/PackageCache/com.microsoft.mixedreality.toolkit.foundation@e9151baa9913-1619883251326/Core/Inspectors/PropertyDrawers/SceneInfoUtils.cs Line: 313)

Mono: successfully reloaded assembly
- Completed reload, in  1.886 seconds
Platform modules already initialized, skipping
Shader 'Universal Render Pipeline/Particles/Lit': fallback shader 'Universal Render Pipeline/Particles/SimpleLit' not found
Refreshing native plugins compatible for Editor in 0.91 ms, found 8 plugins.
Preloading 0 native plugins for Editor in 0.00 ms.
Unloading 4564 Unused Serialized files (Serialized files now loaded: 0)
System memory in use before: 196.0 MB.
System memory in use after: 196.2 MB.

Unloading 36 unused Assets to reduce memory usage. Loaded Objects now: 5214.
Total: 3.108700 ms (FindLiveObjects: 0.406100 ms CreateObjectMapping: 0.212600 ms MarkObjects: 2.424300 ms  DeleteObjects: 0.064700 ms)

AssetImportWorkerClient::OnTransportError - code=2 error=End of file
